{"name": "test_user_login", "status": "failed", "statusDetails": {"message": "AssertionError: assert False", "trace": "self = <src.Tests.SmokeSanityTestSuite.Login_Logout.AdminLoginRoles.test_T1097549.Test_Login object at 0x0000022978CFA6D0>\n\n    @pytestrail.case('C31400')\n    def test_user_login(self):\n        self.loginPage = LoginPage(self.driver)\n        self.loginPage.user_login(config.AccoundID, config.UserName, config.Password)\n        self.monitorPage = MonitorPage(self.driver)\n        page_found = self.monitorPage.getPageTitle(\"Monitor\")\n>       assert page_found\nE       assert False\n\nsrc\\Tests\\SmokeSanityTestSuite\\Login_Logout\\AdminLoginRoles\\test_T1097549.py:17: AssertionError"}, "start": 1713957690622, "stop": 1713957847498, "uuid": "85bb418c-b665-4461-b2e3-a17a8adf9f79", "historyId": "bd39e4759edb19fb61d8354f5c47b4ef", "testCaseId": "bd39e4759edb19fb61d8354f5c47b4ef", "fullName": "src.Tests.SmokeSanityTestSuite.Login_Logout.AdminLoginRoles.test_T1097549.Test_Login#test_user_login", "labels": [{"name": "tag", "value": "testrail(ids=('C31400',))"}, {"name": "tag", "value": "@pytest.mark.usefixtures('setup_driver')"}, {"name": "parentSuite", "value": "src.Tests.SmokeSanityTestSuite.Login_Logout.AdminLoginRoles"}, {"name": "suite", "value": "test_T1097549"}, {"name": "subSuite", "value": "Test_Login"}, {"name": "host", "value": "IN-QA-LT-01"}, {"name": "thread", "value": "336072-MainThread"}, {"name": "framework", "value": "pytest"}, {"name": "language", "value": "cpython3"}, {"name": "package", "value": "src.Tests.SmokeSanityTestSuite.Login_Logout.AdminLoginRoles.test_T1097549"}]}