{"name": "test_ReportPage", "status": "failed", "statusDetails": {"message": "AssertionError: assert 'https://app....o.com/reports' == 'https://app..../ngui/reports'\n  - https://app.allgeo.com/ngui/reports\n  ?                        -----\n  + https://app.allgeo.com/reports", "trace": "self = <test_T1097665.Test_Report object at 0x000001BBFA13EA90>\n\n    @pytestrail.case('C32831', 'C32832')\n    def test_ReportPage(self):\n        self.loginPage = LoginPage(self.driver)\n        self.loginPage.user_login(config.AccoundID, config.UserName, config.Password)\n        self.monitorPage = MonitorPage(self.driver)\n        page_found = self.monitorPage.getPageTitle(\"Monitor\")\n        assert page_found\n        self.leftNavigationPanelPage = LeftNavigationPanelPage(self.driver)\n        self.leftNavigationPanelPage.click_Company()\n        time.sleep(2)\n        self.employeesPage = EmployeesPage(self.driver)\n        self.employeesPage.click_company_icon(\"Group\")\n        self.groupsPage = GroupsPage(self.driver)\n        time.sleep(5)\n        page_found = self.groupsPage.get_page_title()\n        assert page_found\n        self.groupsPage.click_AddNew()\n        self.addEditGroupPage = AddEditGroupPage(self.driver)\n        assert self.addEditGroupPage.validate_Add_Group_Modal()\n        groupName = self.employeesPage.generate_random_string(5)\n        groupId = self.employeesPage.generate_random_string(5)\n        self.addEditGroupPage.add_group(groupId, groupName)\n        assert self.addEditGroupPage.validate_SuccessUpdateMessage(\"successfully\")\n        time.sleep(2)\n        self.leftNavigationPanelPage.click_Reports()\n        self.reportPage = ReportPage(self.driver)\n        page_found = self.reportPage.getPageTitle(\"Report\")\n        assert page_found\n        print(\"User has been navigated to Reports screen\")\n        self.reportPage.click_newUI_Reports()\n        time.sleep(2)\n        tab_found = self.reportPage.validate_Report_type_tabs(\"Time\")\n        assert tab_found\n        self.reportPage.click_report_type_tab(\"Time\")\n        actual = self.reportPage.getPageURL()\n        expected = config.baseURL + \"/ngui/reports\"\n>       assert actual == expected\nE       AssertionError: assert 'https://app....o.com/reports' == 'https://app..../ngui/reports'\nE         - https://app.allgeo.com/ngui/reports\nE         ?                        -----\nE         + https://app.allgeo.com/reports\n\nsrc\\Tests\\SmokeSanityTestSuite\\Reports\\RunReports\\RunReportsMainView\\test_T1097665.py:56: AssertionError"}, "start": 1713862845860, "stop": 1713862893378, "uuid": "e19d92ec-9c09-4989-b69d-7557b8e92ef5", "historyId": "bfde4b6c24b1d1da0892d0b1f8fae596", "testCaseId": "bfde4b6c24b1d1da0892d0b1f8fae596", "fullName": "src.Tests.SmokeSanityTestSuite.Reports.RunReports.RunReportsMainView.test_T1097665.Test_Report#test_ReportPage", "labels": [{"name": "tag", "value": "testrail(ids=('C32831', 'C32832'))"}, {"name": "tag", "value": "@pytest.mark.usefixtures('setup_driver')"}, {"name": "parentSuite", "value": "src.Tests.SmokeSanityTestSuite.Reports.RunReports.RunReportsMainView"}, {"name": "suite", "value": "test_T1097665"}, {"name": "subSuite", "value": "Test_Report"}, {"name": "host", "value": "IN-QA-LT-01"}, {"name": "thread", "value": "279524-MainThread"}, {"name": "framework", "value": "pytest"}, {"name": "language", "value": "cpython3"}, {"name": "package", "value": "src.Tests.SmokeSanityTestSuite.Reports.RunReports.RunReportsMainView.test_T1097665"}]}