{"name": "test_ReportPage", "status": "failed", "statusDetails": {"message": "AssertionError: assert False", "trace": "self = <test_T1097692.Test_Report object at 0x000002E7E0F89850>\n\n    @pytestrail.case('C32866')\n    def test_ReportPage(self):\n        self.loginPage = LoginPage(self.driver)\n        self.loginPage.user_login(config.AccoundID, config.UserName, config.Password)\n        self.monitorPage = MonitorPage(self.driver)\n        page_found = self.monitorPage.getPageTitle(\"Monitor\")\n>       assert page_found\nE       assert False\n\nsrc\\Tests\\SmokeSanityTestSuite\\Reports\\RunReports\\RunReportsMainView\\test_T1097692.py:23: AssertionError"}, "start": 1715164961695, "stop": 1715165110390, "uuid": "49fc19b9-df3d-432c-9c2f-d23c213b4126", "historyId": "d791bdc3134df5139b47d520f7bc8286", "testCaseId": "d791bdc3134df5139b47d520f7bc8286", "fullName": "src.Tests.SmokeSanityTestSuite.Reports.RunReports.RunReportsMainView.test_T1097692.Test_Report#test_ReportPage", "labels": [{"name": "tag", "value": "testrail(ids=('C32866',))"}, {"name": "tag", "value": "@pytest.mark.usefixtures('setup_driver')"}, {"name": "parentSuite", "value": "src.Tests.SmokeSanityTestSuite.Reports.RunReports.RunReportsMainView"}, {"name": "suite", "value": "test_T1097692"}, {"name": "subSuite", "value": "Test_Report"}, {"name": "host", "value": "IN-QA-LT-01"}, {"name": "thread", "value": "89936-MainThread"}, {"name": "framework", "value": "pytest"}, {"name": "language", "value": "cpython3"}, {"name": "package", "value": "src.Tests.SmokeSanityTestSuite.Reports.RunReports.RunReportsMainView.test_T1097692"}]}