{"name": "test_ReportPage", "status": "failed", "statusDetails": {"message": "AssertionError: assert False\n +  where False = <bound method BasePage.deleteFile of <src.PageObjects.Reports.EditReports.EditReportsMainView.EditTimeClockReportPage.EditTimeClockReportPage object at 0x000002E7E18D6610>>('C:\\\\Users\\\\prade\\\\PycharmProjects\\\\allGeo_webApp\\\\src\\\\Resources\\\\Download\\\\editReports.pdf')\n +    where <bound method BasePage.deleteFile of <src.PageObjects.Reports.EditReports.EditReportsMainView.EditTimeClockReportPage.EditTimeClockReportPage object at 0x000002E7E18D6610>> = <src.PageObjects.Reports.EditReports.EditReportsMainView.EditTimeClockReportPage.EditTimeClockReportPage object at 0x000002E7E18D6610>.deleteFile\n +      where <src.PageObjects.Reports.EditReports.EditReportsMainView.EditTimeClockReportPage.EditTimeClockReportPage object at 0x000002E7E18D6610> = <test_T1670944.Test_Report object at 0x000002E7E0F36290>.editTimeClockReportPage", "trace": "self = <test_T1670944.Test_Report object at 0x000002E7E0F36290>\n\n    @pytestrail.case('C32601', 'C32602', 'C32603')\n    def test_ReportPage(self):\n        self.loginPage = LoginPage(self.driver)\n        self.loginPage.user_login(config.AccoundID, config.UserName, config.Password)\n        self.monitorPage = MonitorPage(self.driver)\n        page_found = self.monitorPage.getPageTitle(\"Monitor\")\n        assert page_found\n        self.leftNavigationPanelPage = LeftNavigationPanelPage(self.driver)\n        self.leftNavigationPanelPage.click_Reports()\n        self.reportPage = ReportPage(self.driver)\n        page_found = self.reportPage.getPageTitle(\"Report\")\n        assert page_found\n        print(\"User has been navigated to Reports screen\")\n        self.reportPage.click_newUI_Reports()\n        time.sleep(2)\n        tab_found = self.reportPage.validate_tab_EditReports()\n        assert tab_found\n        self.reportPage.click_EditReportsTab()\n        self.editReportPage = EditReportPage(self.driver)\n        time.sleep(10)\n        assert self.editReportPage.validate_EditReportPage()\n        self.editReportPage.click_EditReports_tabs(\"Advanced Time Clock\")\n        self.editTimeClockReportPage = EditTimeClockReportPage(self.driver)\n        time.sleep(2)\n        self.editTimeClockReportPage.select_Export_option(\"PDF\")\n        file_path = str(Path.home()) + \"\\\\PycharmProjects\\\\allGeo_webApp\\\\src\\\\Resources\\\\Download\\\\editReports.pdf\"\n        time.sleep(5)\n>       assert self.editTimeClockReportPage.deleteFile(file_path)\nE       AssertionError: assert False\nE        +  where False = <bound method BasePage.deleteFile of <src.PageObjects.Reports.EditReports.EditReportsMainView.EditTimeClockReportPage.EditTimeClockReportPage object at 0x000002E7E18D6610>>('C:\\\\Users\\\\prade\\\\PycharmProjects\\\\allGeo_webApp\\\\src\\\\Resources\\\\Download\\\\editReports.pdf')\nE        +    where <bound method BasePage.deleteFile of <src.PageObjects.Reports.EditReports.EditReportsMainView.EditTimeClockReportPage.EditTimeClockReportPage object at 0x000002E7E18D6610>> = <src.PageObjects.Reports.EditReports.EditReportsMainView.EditTimeClockReportPage.EditTimeClockReportPage object at 0x000002E7E18D6610>.deleteFile\nE        +      where <src.PageObjects.Reports.EditReports.EditReportsMainView.EditTimeClockReportPage.EditTimeClockReportPage object at 0x000002E7E18D6610> = <test_T1670944.Test_Report object at 0x000002E7E0F36290>.editTimeClockReportPage\n\nsrc\\Tests\\SmokeSanityTestSuite\\Reports\\EditReports\\EditReportsUI\\AdvanceEVVReport\\test_T1670944.py:46: AssertionError"}, "start": 1715161722785, "stop": 1715161800995, "uuid": "a868950f-dc03-4b5c-995e-aae9acae95a3", "historyId": "d7ed2f6b8ac129fa8d128262e0de8c09", "testCaseId": "d7ed2f6b8ac129fa8d128262e0de8c09", "fullName": "src.Tests.SmokeSanityTestSuite.Reports.EditReports.EditReportsUI.AdvanceEVVReport.test_T1670944.Test_Report#test_ReportPage", "labels": [{"name": "tag", "value": "testrail(ids=('C32601', 'C32602', 'C32603'))"}, {"name": "tag", "value": "@pytest.mark.usefixtures('setup_driver')"}, {"name": "parentSuite", "value": "src.Tests.SmokeSanityTestSuite.Reports.EditReports.EditReportsUI.AdvanceEVVReport"}, {"name": "suite", "value": "test_T1670944"}, {"name": "subSuite", "value": "Test_Report"}, {"name": "host", "value": "IN-QA-LT-01"}, {"name": "thread", "value": "89936-MainThread"}, {"name": "framework", "value": "pytest"}, {"name": "language", "value": "cpython3"}, {"name": "package", "value": "src.Tests.SmokeSanityTestSuite.Reports.EditReports.EditReportsUI.AdvanceEVVReport.test_T1670944"}]}