{"name": "test_ReportPage", "status": "failed", "statusDetails": {"message": "AssertionError: assert 'https://app....o.com/reports' == 'https://app..../ngui/reports'\n  - https://app.allgeo.com/ngui/reports\n  ?                        -----\n  + https://app.allgeo.com/reports", "trace": "self = <test_T1097674.Test_Report object at 0x000001D7FF7E1090>\n\n    @pytestrail.case('C32845', 'C32846', 'C32847', 'C32852', 'C32853')\n    def test_ReportPage(self):\n        self.loginPage = LoginPage(self.driver)\n        self.loginPage.user_login(config.AccoundID, config.UserName, config.Password)\n        self.monitorPage = MonitorPage(self.driver)\n        page_found = self.monitorPage.getPageTitle(\"Monitor\")\n        assert page_found\n        self.leftNavigationPanelPage = LeftNavigationPanelPage(self.driver)\n        self.leftNavigationPanelPage.click_Reports()\n        self.reportPage = ReportPage(self.driver)\n        page_found = self.reportPage.getPageTitle(\"Report\")\n        assert page_found\n        print(\"User has been navigated to Reports screen\")\n        self.reportPage.click_newUI_Reports()\n        time.sleep(2)\n        tab_found = self.reportPage.validate_Report_type_tabs(\"Field Data\")\n        assert tab_found\n        self.reportPage.click_report_type_tab(\"Field Data\")\n        actual = self.reportPage.getPageURL()\n        expected = config.baseURL + \"/ngui/reports\"\n>       assert actual == expected\nE       AssertionError: assert 'https://app....o.com/reports' == 'https://app..../ngui/reports'\nE         - https://app.allgeo.com/ngui/reports\nE         ?                        -----\nE         + https://app.allgeo.com/reports\n\nsrc\\Tests\\SmokeSanityTestSuite\\Reports\\RunReports\\RunReportsMainView\\test_T1097674.py:37: AssertionError"}, "start": 1713351283335, "stop": 1713351297189, "uuid": "1e3bd140-71dd-4abb-acfb-91594100e241", "historyId": "f2412e24b75c0181996ec39b8f5300a2", "testCaseId": "f2412e24b75c0181996ec39b8f5300a2", "fullName": "src.Tests.SmokeSanityTestSuite.Reports.RunReports.RunReportsMainView.test_T1097674.Test_Report#test_ReportPage", "labels": [{"name": "tag", "value": "testrail(ids=('C32845', 'C32846', 'C32847', 'C32852', 'C32853'))"}, {"name": "tag", "value": "@pytest.mark.usefixtures('setup_driver')"}, {"name": "parentSuite", "value": "src.Tests.SmokeSanityTestSuite.Reports.RunReports.RunReportsMainView"}, {"name": "suite", "value": "test_T1097674"}, {"name": "subSuite", "value": "Test_Report"}, {"name": "host", "value": "IN-QA-LT-01"}, {"name": "thread", "value": "263824-MainThread"}, {"name": "framework", "value": "pytest"}, {"name": "language", "value": "cpython3"}, {"name": "package", "value": "src.Tests.SmokeSanityTestSuite.Reports.RunReports.RunReportsMainView.test_T1097674"}]}