{"name": "test_ReportPage", "status": "failed", "statusDetails": {"message": "AssertionError: assert False\n +  where False = <bound method BasePage.deleteFile of <src.PageObjects.Reports.EditReports.EditReportsMainView.EditReportPage.EditReportPage object at 0x000001BBFAC51B10>>('C:\\\\Users\\\\prade\\\\PycharmProjects\\\\allGeo_webApp\\\\src\\\\Resources\\\\Download\\\\editReports.pdf')\n +    where <bound method BasePage.deleteFile of <src.PageObjects.Reports.EditReports.EditReportsMainView.EditReportPage.EditReportPage object at 0x000001BBFAC51B10>> = <src.PageObjects.Reports.EditReports.EditReportsMainView.EditReportPage.EditReportPage object at 0x000001BBFAC51B10>.deleteFile\n +      where <src.PageObjects.Reports.EditReports.EditReportsMainView.EditReportPage.EditReportPage object at 0x000001BBFAC51B10> = <test_T1097734.Test_Report object at 0x000001BBFA124710>.editReportPage", "trace": "self = <test_T1097734.Test_Report object at 0x000001BBFA124710>\n\n    @pytestrail.case('C32910', 'C32912', 'C32913', 'C32915', 'C32916', 'C32919', 'C32921', 'C32922', 'C32925', 'C32926', 'C32927', 'C32928', 'C32930', 'C32931')\n    def test_ReportPage(self):\n        self.loginPage = LoginPage(self.driver)\n        self.loginPage.user_login(config.AccoundID, config.UserName, config.Password)\n        self.monitorPage = MonitorPage(self.driver)\n        page_found = self.monitorPage.getPageTitle(\"Monitor\")\n        assert page_found\n        self.leftNavigationPanelPage = LeftNavigationPanelPage(self.driver)\n        self.leftNavigationPanelPage.click_Reports()\n        self.reportPage = ReportPage(self.driver)\n        page_found = self.reportPage.getPageTitle(\"Report\")\n        assert page_found\n        print(\"User has been navigated to Reports screen\")\n        self.reportPage.click_newUI_Reports()\n        time.sleep(2)\n        tab_found = self.reportPage.validate_tab_EditReports()\n        assert tab_found\n        self.reportPage.click_EditReportsTab()\n        self.editReportPage = EditReportPage(self.driver)\n        time.sleep(10)\n        assert self.editReportPage.validate_EditReportPage()\n        assert self.editReportPage.validate_EditReports_tabs(\"Miles\")\n        assert self.editReportPage.validate_EditReports_tabs(\"Advanced Time Clock\")\n        assert self.editReportPage.validate_EditReports_tabs(\"Audit\")\n    \n        self.editReportPage.select_Export_option(\"PDF\")\n        file_path = str(Path.home()) + \"\\\\PycharmProjects\\\\allGeo_webApp\\\\src\\\\Resources\\\\Download\\\\editReports.pdf\"\n        time.sleep(5)\n>       assert self.editReportPage.deleteFile(file_path)\nE       AssertionError: assert False\nE        +  where False = <bound method BasePage.deleteFile of <src.PageObjects.Reports.EditReports.EditReportsMainView.EditReportPage.EditReportPage object at 0x000001BBFAC51B10>>('C:\\\\Users\\\\prade\\\\PycharmProjects\\\\allGeo_webApp\\\\src\\\\Resources\\\\Download\\\\editReports.pdf')\nE        +    where <bound method BasePage.deleteFile of <src.PageObjects.Reports.EditReports.EditReportsMainView.EditReportPage.EditReportPage object at 0x000001BBFAC51B10>> = <src.PageObjects.Reports.EditReports.EditReportsMainView.EditReportPage.EditReportPage object at 0x000001BBFAC51B10>.deleteFile\nE        +      where <src.PageObjects.Reports.EditReports.EditReportsMainView.EditReportPage.EditReportPage object at 0x000001BBFAC51B10> = <test_T1097734.Test_Report object at 0x000001BBFA124710>.editReportPage\n\nsrc\\Tests\\SmokeSanityTestSuite\\Reports\\EditReports\\EditReportsMainView\\test_T1097734.py:46: AssertionError"}, "start": 1713861806217, "stop": 1713861836185, "uuid": "2357c6fc-bcc3-4fbe-b340-d9e025d6e3b3", "historyId": "5d4a86b2639dc4a1a47954851eecf665", "testCaseId": "5d4a86b2639dc4a1a47954851eecf665", "fullName": "src.Tests.SmokeSanityTestSuite.Reports.EditReports.EditReportsMainView.test_T1097734.Test_Report#test_ReportPage", "labels": [{"name": "tag", "value": "testrail(ids=('C32910', 'C32912', 'C32913', 'C32915', 'C32916', 'C32919', 'C32921', 'C32922', 'C32925', 'C32926', 'C32927', 'C32928', 'C32930', 'C32931'))"}, {"name": "tag", "value": "@pytest.mark.usefixtures('setup_driver')"}, {"name": "parentSuite", "value": "src.Tests.SmokeSanityTestSuite.Reports.EditReports.EditReportsMainView"}, {"name": "suite", "value": "test_T1097734"}, {"name": "subSuite", "value": "Test_Report"}, {"name": "host", "value": "IN-QA-LT-01"}, {"name": "thread", "value": "279524-MainThread"}, {"name": "framework", "value": "pytest"}, {"name": "language", "value": "cpython3"}, {"name": "package", "value": "src.Tests.SmokeSanityTestSuite.Reports.EditReports.EditReportsMainView.test_T1097734"}]}