{"name": "test_user_login", "status": "failed", "statusDetails": {"message": "AssertionError: assert False", "trace": "self = <src.Tests.SmokeSanityTestSuite.Login_Logout.AdminLoginRoles.test_T1097548.Test_Login object at 0x000001D7FF5A17D0>\n\n    @pytestrail.case('C31399')\n    def test_user_login(self):\n        self.loginPage = LoginPage(self.driver)\n        self.loginPage.user_login(config.AccoundID, config.UserName, config.Password)\n        self.monitorPage = MonitorPage(self.driver)\n        page_found = self.monitorPage.getPageTitle(\"Monitor\")\n>       assert page_found\nE       assert False\n\nsrc\\Tests\\SmokeSanityTestSuite\\Login_Logout\\AdminLoginRoles\\test_T1097548.py:17: AssertionError"}, "start": 1713343021236, "stop": 1713343177919, "uuid": "0ca9b9d9-6cd9-4809-bfdd-0ca9023df773", "historyId": "1cd406d5a767c61203aa7c733d568cf5", "testCaseId": "1cd406d5a767c61203aa7c733d568cf5", "fullName": "src.Tests.SmokeSanityTestSuite.Login_Logout.AdminLoginRoles.test_T1097548.Test_Login#test_user_login", "labels": [{"name": "tag", "value": "testrail(ids=('C31399',))"}, {"name": "tag", "value": "@pytest.mark.usefixtures('setup_driver')"}, {"name": "parentSuite", "value": "src.Tests.SmokeSanityTestSuite.Login_Logout.AdminLoginRoles"}, {"name": "suite", "value": "test_T1097548"}, {"name": "subSuite", "value": "Test_Login"}, {"name": "host", "value": "IN-QA-LT-01"}, {"name": "thread", "value": "263824-MainThread"}, {"name": "framework", "value": "pytest"}, {"name": "language", "value": "cpython3"}, {"name": "package", "value": "src.Tests.SmokeSanityTestSuite.Login_Logout.AdminLoginRoles.test_T1097548"}]}