{"name": "test_user_login", "status": "failed", "statusDetails": {"message": "AssertionError: assert False", "trace": "self = <src.Tests.SmokeSanityTestSuite.Login_Logout.AdminLoginRoles.test_T1097549.Test_Login object at 0x000001D7FF5A2850>\n\n    @pytestrail.case('C31400')\n    def test_user_login(self):\n        self.loginPage = LoginPage(self.driver)\n        self.loginPage.user_login(config.AccoundID, config.UserName, config.Password)\n        self.monitorPage = MonitorPage(self.driver)\n        page_found = self.monitorPage.getPageTitle(\"Monitor\")\n>       assert page_found\nE       assert False\n\nsrc\\Tests\\SmokeSanityTestSuite\\Login_Logout\\AdminLoginRoles\\test_T1097549.py:17: AssertionError"}, "start": 1713343194108, "stop": 1713343350620, "uuid": "22269276-1b0d-49da-b858-e757f2fbd5e6", "historyId": "bd39e4759edb19fb61d8354f5c47b4ef", "testCaseId": "bd39e4759edb19fb61d8354f5c47b4ef", "fullName": "src.Tests.SmokeSanityTestSuite.Login_Logout.AdminLoginRoles.test_T1097549.Test_Login#test_user_login", "labels": [{"name": "tag", "value": "testrail(ids=('C31400',))"}, {"name": "tag", "value": "@pytest.mark.usefixtures('setup_driver')"}, {"name": "parentSuite", "value": "src.Tests.SmokeSanityTestSuite.Login_Logout.AdminLoginRoles"}, {"name": "suite", "value": "test_T1097549"}, {"name": "subSuite", "value": "Test_Login"}, {"name": "host", "value": "IN-QA-LT-01"}, {"name": "thread", "value": "263824-MainThread"}, {"name": "framework", "value": "pytest"}, {"name": "language", "value": "cpython3"}, {"name": "package", "value": "src.Tests.SmokeSanityTestSuite.Login_Logout.AdminLoginRoles.test_T1097549"}]}