{"name": "test_ReportPage", "status": "failed", "statusDetails": {"message": "AssertionError: assert False", "trace": "self = <test_T1097657.Test_Report object at 0x000002E7E0F5A410>\n\n    @pytestrail.case('C32815', 'C32822', 'C32823', 'C32825', 'C32826', 'C32827', 'C32828', 'C32830')\n    def test_ReportPage(self):\n        self.loginPage = LoginPage(self.driver)\n        self.loginPage.user_login(config.AccoundID, config.UserName, config.Password)\n        self.monitorPage = MonitorPage(self.driver)\n        page_found = self.monitorPage.getPageTitle(\"Monitor\")\n        assert page_found\n        self.leftNavigationPanelPage = LeftNavigationPanelPage(self.driver)\n        self.leftNavigationPanelPage.click_Reports()\n        self.reportPage = ReportPage(self.driver)\n        page_found = self.reportPage.getPageTitle(\"Report\")\n        assert page_found\n        print(\"User has been navigated to Reports screen\")\n        self.reportPage.click_newUI_Reports()\n        time.sleep(2)\n        tab_found = self.reportPage.validate_Report_type_tabs(\"Debug Logs\")\n        assert tab_found\n        self.reportPage.click_report_type_tab(\"Debug Logs\")\n        self.debugReportPage = DebugReportPage(self.driver)\n        page_found = self.debugReportPage.validate_DebugReportsPage()\n>       assert page_found\nE       assert False\n\nsrc\\Tests\\SmokeSanityTestSuite\\Reports\\RunReports\\RunReportsMainView\\test_T1097657.py:37: AssertionError"}, "start": 1715162580473, "stop": 1715162612299, "uuid": "4be60b68-7c92-46a8-b1c9-c7511acc3e35", "historyId": "b42ed1ba27803a6b8a42501fa3e484da", "testCaseId": "b42ed1ba27803a6b8a42501fa3e484da", "fullName": "src.Tests.SmokeSanityTestSuite.Reports.RunReports.RunReportsMainView.test_T1097657.Test_Report#test_ReportPage", "labels": [{"name": "tag", "value": "testrail(ids=('C32815', 'C32822', 'C32823', 'C32825', 'C32826', 'C32827', 'C32828', 'C32830'))"}, {"name": "tag", "value": "@pytest.mark.usefixtures('setup_driver')"}, {"name": "parentSuite", "value": "src.Tests.SmokeSanityTestSuite.Reports.RunReports.RunReportsMainView"}, {"name": "suite", "value": "test_T1097657"}, {"name": "subSuite", "value": "Test_Report"}, {"name": "host", "value": "IN-QA-LT-01"}, {"name": "thread", "value": "89936-MainThread"}, {"name": "framework", "value": "pytest"}, {"name": "language", "value": "cpython3"}, {"name": "package", "value": "src.Tests.SmokeSanityTestSuite.Reports.RunReports.RunReportsMainView.test_T1097657"}]}