{"name": "test_ReportPage", "status": "failed", "statusDetails": {"message": "AssertionError: assert 'https://app....o.com/reports' == 'https://app..../ngui/reports'\n  - https://app.allgeo.com/ngui/reports\n  ?                        -----\n  + https://app.allgeo.com/reports", "trace": "self = <test_T1097694.Test_Report object at 0x000001BBFA17AC10>\n\n    @pytestrail.case('C32868')\n    def test_ReportPage(self):\n        self.loginPage = LoginPage(self.driver)\n        self.loginPage.user_login(config.AccoundID, config.UserName, config.Password)\n        self.monitorPage = MonitorPage(self.driver)\n        page_found = self.monitorPage.getPageTitle(\"Monitor\")\n        assert page_found\n        time.sleep(2)\n        self.leftNavigationPanelPage = LeftNavigationPanelPage(self.driver)\n        self.leftNavigationPanelPage.click_Reports()\n        self.reportPage = ReportPage(self.driver)\n        page_found = self.reportPage.getPageTitle(\"Report\")\n        assert page_found\n        print(\"User has been navigated to Reports screen\")\n        self.reportPage.click_newUI_Reports()\n        time.sleep(2)\n        tab_found = self.reportPage.validate_Report_type_tabs(\"Time\")\n        assert tab_found\n        self.reportPage.click_report_type_tab(\"Time\")\n        actual = self.reportPage.getPageURL()\n        expected = config.baseURL + \"/ngui/reports\"\n>       assert actual == expected\nE       AssertionError: assert 'https://app....o.com/reports' == 'https://app..../ngui/reports'\nE         - https://app.allgeo.com/ngui/reports\nE         ?                        -----\nE         + https://app.allgeo.com/reports\n\nsrc\\Tests\\SmokeSanityTestSuite\\Reports\\RunReports\\RunReportsMainView\\test_T1097694.py:40: AssertionError"}, "start": 1713863529042, "stop": 1713863548078, "uuid": "91f9120f-c16e-4adf-9eb6-bcb5a4843feb", "historyId": "8e436fe2fa9168381abb41d629c3982e", "testCaseId": "8e436fe2fa9168381abb41d629c3982e", "fullName": "src.Tests.SmokeSanityTestSuite.Reports.RunReports.RunReportsMainView.test_T1097694.Test_Report#test_ReportPage", "labels": [{"name": "tag", "value": "testrail(ids=('C32868',))"}, {"name": "tag", "value": "@pytest.mark.usefixtures('setup_driver')"}, {"name": "parentSuite", "value": "src.Tests.SmokeSanityTestSuite.Reports.RunReports.RunReportsMainView"}, {"name": "suite", "value": "test_T1097694"}, {"name": "subSuite", "value": "Test_Report"}, {"name": "host", "value": "IN-QA-LT-01"}, {"name": "thread", "value": "279524-MainThread"}, {"name": "framework", "value": "pytest"}, {"name": "language", "value": "cpython3"}, {"name": "package", "value": "src.Tests.SmokeSanityTestSuite.Reports.RunReports.RunReportsMainView.test_T1097694"}]}