{"name": "test_ReportPage", "status": "failed", "statusDetails": {"message": "AssertionError: assert False\n +  where False = <bound method BasePage.deleteFile of <src.PageObjects.Reports.EditReports.EditReportsUI.EditMilesReport.EditMilesReportPage.EditMilesReportPage object at 0x000002E7E18DC910>>('C:\\\\Users\\\\prade\\\\PycharmProjects\\\\allGeo_webApp\\\\src\\\\Resources\\\\Download\\\\editReports.pdf')\n +    where <bound method BasePage.deleteFile of <src.PageObjects.Reports.EditReports.EditReportsUI.EditMilesReport.EditMilesReportPage.EditMilesReportPage object at 0x000002E7E18DC910>> = <src.PageObjects.Reports.EditReports.EditReportsUI.EditMilesReport.EditMilesReportPage.EditMilesReportPage object at 0x000002E7E18DC910>.deleteFile\n +      where <src.PageObjects.Reports.EditReports.EditReportsUI.EditMilesReport.EditMilesReportPage.EditMilesReportPage object at 0x000002E7E18DC910> = <test_T1670948.Test_Report object at 0x000002E7E0F456D0>.editMilesReportPage", "trace": "self = <test_T1670948.Test_Report object at 0x000002E7E0F456D0>\n\n    @pytestrail.case('C32652', 'C32664', 'C32668', 'C32669', 'C32671', 'C32679')\n    def test_ReportPage(self):\n        self.loginPage = LoginPage(self.driver)\n        self.loginPage.user_login(config.AccoundID, config.UserName, config.Password)\n        self.monitorPage = MonitorPage(self.driver)\n        page_found = self.monitorPage.getPageTitle(\"Monitor\")\n        assert page_found\n        self.leftNavigationPanelPage = LeftNavigationPanelPage(self.driver)\n        self.leftNavigationPanelPage.click_Company()\n        self.employeesPage = EmployeesPage(self.driver)\n        time.sleep(5)\n        page_found = self.employeesPage.validate_page_title()\n        assert page_found\n        self.employeesPage.click_Addnew()\n        time.sleep(2)\n        empName = self.employeesPage.generate_random_string(7)\n        empPhone = self.employeesPage.generate_random_phone_number()\n        self.employeesPage.populate_addEmployeeForm(empName, empPhone)\n        self.employeesPage.accept_termCheckbox()\n        self.employeesPage.click_Add()\n        assert self.employeesPage.validate_SuccessUpdateMessage(\"Successfully\")\n    \n        self.leftNavigationPanelPage.click_Reports()\n        self.reportPage = ReportPage(self.driver)\n        page_found = self.reportPage.getPageTitle(\"Report\")\n        assert page_found\n        print(\"User has been navigated to Reports screen\")\n        self.reportPage.click_newUI_Reports()\n        time.sleep(5)\n        tab_found = self.reportPage.validate_tab_EditReports()\n        assert tab_found\n        self.reportPage.click_EditReportsTab()\n        self.editReportPage = EditReportPage(self.driver)\n        assert self.editReportPage.validate_EditReportPage()\n        self.editReportPage.click_EditReports_tabs(\"Miles\")\n        self.editMilesReportPage = EditMilesReportPage(self.driver)\n        time.sleep(5)\n        self.editMilesReportPage.select_Export_option(\"PDF\")\n        file_path = str(Path.home()) + \"\\\\PycharmProjects\\\\allGeo_webApp\\\\src\\\\Resources\\\\Download\\\\editReports.pdf\"\n        time.sleep(10)\n>       assert self.editMilesReportPage.deleteFile(file_path)\nE       AssertionError: assert False\nE        +  where False = <bound method BasePage.deleteFile of <src.PageObjects.Reports.EditReports.EditReportsUI.EditMilesReport.EditMilesReportPage.EditMilesReportPage object at 0x000002E7E18DC910>>('C:\\\\Users\\\\prade\\\\PycharmProjects\\\\allGeo_webApp\\\\src\\\\Resources\\\\Download\\\\editReports.pdf')\nE        +    where <bound method BasePage.deleteFile of <src.PageObjects.Reports.EditReports.EditReportsUI.EditMilesReport.EditMilesReportPage.EditMilesReportPage object at 0x000002E7E18DC910>> = <src.PageObjects.Reports.EditReports.EditReportsUI.EditMilesReport.EditMilesReportPage.EditMilesReportPage object at 0x000002E7E18DC910>.deleteFile\nE        +      where <src.PageObjects.Reports.EditReports.EditReportsUI.EditMilesReport.EditMilesReportPage.EditMilesReportPage object at 0x000002E7E18DC910> = <test_T1670948.Test_Report object at 0x000002E7E0F456D0>.editMilesReportPage\n\nsrc\\Tests\\SmokeSanityTestSuite\\Reports\\EditReports\\EditReportsUI\\EditMilesReport\\test_T1670948.py:61: AssertionError"}, "start": 1715161853128, "stop": 1715161933486, "uuid": "67c0988c-c54e-496a-be7b-c60a034e1943", "historyId": "ff1c67a3b351bc528538fcb051239e4c", "testCaseId": "ff1c67a3b351bc528538fcb051239e4c", "fullName": "src.Tests.SmokeSanityTestSuite.Reports.EditReports.EditReportsUI.EditMilesReport.test_T1670948.Test_Report#test_ReportPage", "labels": [{"name": "tag", "value": "testrail(ids=('C32652', 'C32664', 'C32668', 'C32669', 'C32671', 'C32679'))"}, {"name": "tag", "value": "@pytest.mark.usefixtures('setup_driver')"}, {"name": "parentSuite", "value": "src.Tests.SmokeSanityTestSuite.Reports.EditReports.EditReportsUI.EditMilesReport"}, {"name": "suite", "value": "test_T1670948"}, {"name": "subSuite", "value": "Test_Report"}, {"name": "host", "value": "IN-QA-LT-01"}, {"name": "thread", "value": "89936-MainThread"}, {"name": "framework", "value": "pytest"}, {"name": "language", "value": "cpython3"}, {"name": "package", "value": "src.Tests.SmokeSanityTestSuite.Reports.EditReports.EditReportsUI.EditMilesReport.test_T1670948"}]}