{"name": "test_ReportPage", "status": "failed", "statusDetails": {"message": "AssertionError: assert False\n +  where False = <bound method BasePage.deleteFile of <src.PageObjects.Reports.EditReports.EditReportsMainView.EditTimeClockReportPage.EditTimeClockReportPage object at 0x000001BBEA0BB650>>('C:\\\\Users\\\\prade\\\\PycharmProjects\\\\allGeo_webApp\\\\src\\\\Resources\\\\Download\\\\editReports.pdf')\n +    where <bound method BasePage.deleteFile of <src.PageObjects.Reports.EditReports.EditReportsMainView.EditTimeClockReportPage.EditTimeClockReportPage object at 0x000001BBEA0BB650>> = <src.PageObjects.Reports.EditReports.EditReportsMainView.EditTimeClockReportPage.EditTimeClockReportPage object at 0x000001BBEA0BB650>.deleteFile\n +      where <src.PageObjects.Reports.EditReports.EditReportsMainView.EditTimeClockReportPage.EditTimeClockReportPage object at 0x000001BBEA0BB650> = <test_T1670947.Test_Report object at 0x000001BBFA12EB50>.editTimeClockReportPage", "trace": "self = <test_T1670947.Test_Report object at 0x000001BBFA12EB50>\n\n    @pytestrail.case('C32604')\n    def test_ReportPage(self):\n        self.loginPage = LoginPage(self.driver)\n        self.loginPage.user_login(config.AccoundID, config.UserName, config.Password)\n        self.monitorPage = MonitorPage(self.driver)\n        page_found = self.monitorPage.getPageTitle(\"Monitor\")\n        assert page_found\n        self.leftNavigationPanelPage = LeftNavigationPanelPage(self.driver)\n        self.leftNavigationPanelPage.click_Reports()\n        self.reportPage = ReportPage(self.driver)\n        page_found = self.reportPage.getPageTitle(\"Report\")\n        assert page_found\n        print(\"User has been navigated to Reports screen\")\n        self.reportPage.click_newUI_Reports()\n        time.sleep(2)\n        tab_found = self.reportPage.validate_tab_EditReports()\n        assert tab_found\n        self.reportPage.click_EditReportsTab()\n        self.editReportPage = EditReportPage(self.driver)\n        assert self.editReportPage.validate_EditReportPage()\n        self.editReportPage.click_EditReports_tabs(\"Advanced Time Clock\")\n        self.editTimeClockReportPage = EditTimeClockReportPage(self.driver)\n        self.editTimeClockReportPage.click_AddNew()\n        self.editTimeClockReportPage.click_Manually()\n        time.sleep(1)\n        self.editTimeClockReportPage.add_Employee_in_kendo(\"Test QA\")\n        self.editTimeClockReportPage.add_Start_Stage_in_kendo(\"Start Shift\")\n        self.editTimeClockReportPage.add_End_Stage_in_kendo(\"start Lunch\")\n        self.editTimeClockReportPage.add_ManagerNote_in_kendo(\"test msg\")\n        self.editTimeClockReportPage.click_Done()\n        time.sleep(2)\n    \n        self.editTimeClockReportPage.select_Export_option(\"PDF\")\n        file_path = str(Path.home()) + \"\\\\PycharmProjects\\\\allGeo_webApp\\\\src\\\\Resources\\\\Download\\\\editReports.pdf\"\n        time.sleep(5)\n>       assert self.editTimeClockReportPage.deleteFile(file_path)\nE       AssertionError: assert False\nE        +  where False = <bound method BasePage.deleteFile of <src.PageObjects.Reports.EditReports.EditReportsMainView.EditTimeClockReportPage.EditTimeClockReportPage object at 0x000001BBEA0BB650>>('C:\\\\Users\\\\prade\\\\PycharmProjects\\\\allGeo_webApp\\\\src\\\\Resources\\\\Download\\\\editReports.pdf')\nE        +    where <bound method BasePage.deleteFile of <src.PageObjects.Reports.EditReports.EditReportsMainView.EditTimeClockReportPage.EditTimeClockReportPage object at 0x000001BBEA0BB650>> = <src.PageObjects.Reports.EditReports.EditReportsMainView.EditTimeClockReportPage.EditTimeClockReportPage object at 0x000001BBEA0BB650>.deleteFile\nE        +      where <src.PageObjects.Reports.EditReports.EditReportsMainView.EditTimeClockReportPage.EditTimeClockReportPage object at 0x000001BBEA0BB650> = <test_T1670947.Test_Report object at 0x000001BBFA12EB50>.editTimeClockReportPage\n\nsrc\\Tests\\SmokeSanityTestSuite\\Reports\\EditReports\\EditReportsUI\\EditTimeClockReport\\test_T1670947.py:54: AssertionError"}, "start": 1713862344730, "stop": 1713862379337, "uuid": "ca8216b2-97f6-4bfd-9b48-5f6be1f23c22", "historyId": "dad56e9176b81d0da17d8d18d97fab84", "testCaseId": "dad56e9176b81d0da17d8d18d97fab84", "fullName": "src.Tests.SmokeSanityTestSuite.Reports.EditReports.EditReportsUI.EditTimeClockReport.test_T1670947.Test_Report#test_ReportPage", "labels": [{"name": "tag", "value": "testrail(ids=('C32604',))"}, {"name": "tag", "value": "@pytest.mark.usefixtures('setup_driver')"}, {"name": "parentSuite", "value": "src.Tests.SmokeSanityTestSuite.Reports.EditReports.EditReportsUI.EditTimeClockReport"}, {"name": "suite", "value": "test_T1670947"}, {"name": "subSuite", "value": "Test_Report"}, {"name": "host", "value": "IN-QA-LT-01"}, {"name": "thread", "value": "279524-MainThread"}, {"name": "framework", "value": "pytest"}, {"name": "language", "value": "cpython3"}, {"name": "package", "value": "src.Tests.SmokeSanityTestSuite.Reports.EditReports.EditReportsUI.EditTimeClockReport.test_T1670947"}]}