{"name": "test_ACLPermission", "status": "failed", "statusDetails": {"message": "AssertionError: assert True == False\n +  where False = bool(False)", "trace": "self = <src.Tests.SmokeSanityTestSuite.Company.Groups.GroupsUI.test_T1096897.Test_Schedule object at 0x0000024B9D86D510>\n\n    @pytestrail.case('C24923')\n    def test_ACLPermission(self):\n        self.loginPage = LoginPage(self.driver)\n        self.loginPage.user_login(config.AccoundID, config.UserName, config.Password)\n        self.monitorPage = MonitorPage(self.driver)\n        page_found = self.monitorPage.getPageTitle(\"Monitor\")\n        assert page_found\n        self.monitorPage.switch_to_ChildAccount()\n        time.sleep(2)\n        self.leftNavigationPanelPage = LeftNavigationPanelPage(self.driver)\n        self.leftNavigationPanelPage.click_Company()\n        self.employeesPage = EmployeesPage(self.driver)\n        self.employeesPage.click_company_icon(\"Managers\")\n        self.managersPage = ManagersPage(self.driver)\n        self.managersPage.click_edit_for_ManagerID(\"m101\")\n        self.editManagersPage = EditManagersPage(self.driver)\n        assert self.editManagersPage.validateHeaderTitle()\n        time.sleep(2)\n        self.editManagersPage.set_ACL_for(\"Group Administration\", \"Add\")\n        time.sleep(1)\n        self.editManagersPage.set_ACL_for(\"Group Administration\", \"View\")\n        self.editManagersPage.click_saveBtn()\n        time.sleep(2)\n        self.editManagersPage.click_Cancel()\n        time.sleep(2)\n        self.managersPage.logout_user()\n        time.sleep(2)\n        self.loginPage.user_login(\"test-web-automation-child\", \"m101\", \"Test@123\")\n        time.sleep(2)\n        self.leftNavigationPanelPage.click_Company()\n        self.employeesPage = EmployeesPage(self.driver)\n        time.sleep(2)\n        flag = self.employeesPage.isAvailable_leftPanelOption(\"Groups\")\n>       assert flag == bool(False)\nE       assert True == False\nE        +  where False = bool(False)\n\nsrc\\Tests\\SmokeSanityTestSuite\\Company\\Groups\\GroupsUI\\test_T1096897.py:56: AssertionError"}, "start": 1707115917042, "stop": 1707116070205, "uuid": "dbf05a51-06d2-4aac-bbaa-34d18fc24b3f", "historyId": "a79cb2d0940e6ce8cd796a877ad0e8e1", "testCaseId": "a79cb2d0940e6ce8cd796a877ad0e8e1", "fullName": "src.Tests.SmokeSanityTestSuite.Company.Groups.GroupsUI.test_T1096897.Test_Schedule#test_ACLPermission", "labels": [{"name": "tag", "value": "testrail(ids=('C24923',))"}, {"name": "tag", "value": "@pytest.mark.usefixtures('setup_driver')"}, {"name": "parentSuite", "value": "src.Tests.SmokeSanityTestSuite.Company.Groups.GroupsUI"}, {"name": "suite", "value": "test_T1096897"}, {"name": "subSuite", "value": "Test_Schedule"}, {"name": "host", "value": "IN-QA-LT-01"}, {"name": "thread", "value": "21556-MainThread"}, {"name": "framework", "value": "pytest"}, {"name": "language", "value": "cpython3"}, {"name": "package", "value": "src.Tests.SmokeSanityTestSuite.Company.Groups.GroupsUI.test_T1096897"}]}